<?xml version="1.0" encoding="UTF-8"?>
<coverage generated="1769537243502" clover="3.2.0">
  <project timestamp="1769537243502" name="All files">
    <metrics statements="51" coveredstatements="39" conditionals="16" coveredconditionals="8" methods="17" coveredmethods="13" elements="84" coveredelements="60" complexity="0" loc="51" ncloc="51" packages="4" files="8" classes="8"/>
    <package name="domain">
      <metrics statements="0" coveredstatements="0" conditionals="0" coveredconditionals="0" methods="0" coveredmethods="0"/>
      <file name="errors.ts" path="/Users/mindera/Desktop/SEC/pocs/aws-effect-proxy/src/domain/errors.ts">
        <metrics statements="0" coveredstatements="0" conditionals="0" coveredconditionals="0" methods="0" coveredmethods="0"/>
      </file>
    </package>
    <package name="handlers.auth.domain">
      <metrics statements="13" coveredstatements="1" conditionals="8" coveredconditionals="0" methods="4" coveredmethods="0"/>
      <file name="cognitoItentityProvider.ts" path="/Users/mindera/Desktop/SEC/pocs/aws-effect-proxy/src/handlers/auth/domain/cognitoItentityProvider.ts">
        <metrics statements="0" coveredstatements="0" conditionals="0" coveredconditionals="0" methods="0" coveredmethods="0"/>
      </file>
      <file name="confirm.ts" path="/Users/mindera/Desktop/SEC/pocs/aws-effect-proxy/src/handlers/auth/domain/confirm.ts">
        <metrics statements="0" coveredstatements="0" conditionals="0" coveredconditionals="0" methods="0" coveredmethods="0"/>
      </file>
      <file name="errors.ts" path="/Users/mindera/Desktop/SEC/pocs/aws-effect-proxy/src/handlers/auth/domain/errors.ts">
        <metrics statements="13" coveredstatements="1" conditionals="8" coveredconditionals="0" methods="4" coveredmethods="0"/>
        <line num="15" count="2" type="stmt"/>
        <line num="17" count="0" type="stmt"/>
        <line num="23" count="0" type="stmt"/>
        <line num="29" count="0" type="stmt"/>
        <line num="35" count="0" type="cond" truecount="0" falsecount="2"/>
        <line num="36" count="0" type="stmt"/>
        <line num="42" count="0" type="cond" truecount="0" falsecount="2"/>
        <line num="43" count="0" type="stmt"/>
        <line num="49" count="0" type="cond" truecount="0" falsecount="2"/>
        <line num="50" count="0" type="stmt"/>
        <line num="56" count="0" type="cond" truecount="0" falsecount="2"/>
        <line num="57" count="0" type="stmt"/>
        <line num="63" count="0" type="stmt"/>
      </file>
      <file name="signup.ts" path="/Users/mindera/Desktop/SEC/pocs/aws-effect-proxy/src/handlers/auth/domain/signup.ts">
        <metrics statements="0" coveredstatements="0" conditionals="0" coveredconditionals="0" methods="0" coveredmethods="0"/>
      </file>
    </package>
    <package name="handlers.auth.services">
      <metrics statements="28" coveredstatements="28" conditionals="2" coveredconditionals="2" methods="9" coveredmethods="9"/>
      <file name="confirm.ts" path="/Users/mindera/Desktop/SEC/pocs/aws-effect-proxy/src/handlers/auth/services/confirm.ts">
        <metrics statements="17" coveredstatements="17" conditionals="1" coveredconditionals="1" methods="5" coveredmethods="5"/>
        <line num="7" count="1" type="stmt"/>
        <line num="10" count="3" type="stmt"/>
        <line num="11" count="2" type="stmt"/>
        <line num="15" count="1" type="stmt"/>
        <line num="19" count="1" type="stmt"/>
        <line num="20" count="1" type="stmt"/>
        <line num="22" count="1" type="stmt"/>
        <line num="29" count="1" type="stmt"/>
        <line num="30" count="1" type="stmt"/>
        <line num="31" count="1" type="stmt"/>
        <line num="32" count="1" type="stmt"/>
        <line num="34" count="1" type="stmt"/>
        <line num="44" count="1" type="stmt"/>
        <line num="45" count="3" type="stmt"/>
        <line num="47" count="1" type="stmt"/>
        <line num="49" count="1" type="stmt"/>
        <line num="51" count="1" type="stmt"/>
      </file>
      <file name="signup.ts" path="/Users/mindera/Desktop/SEC/pocs/aws-effect-proxy/src/handlers/auth/services/signup.ts">
        <metrics statements="11" coveredstatements="11" conditionals="1" coveredconditionals="1" methods="4" coveredmethods="4"/>
        <line num="7" count="1" type="cond" truecount="1" falsecount="0"/>
        <line num="8" count="3" type="stmt"/>
        <line num="9" count="2" type="stmt"/>
        <line num="13" count="1" type="stmt"/>
        <line num="14" count="1" type="stmt"/>
        <line num="15" count="1" type="stmt"/>
        <line num="17" count="1" type="stmt"/>
        <line num="26" count="1" type="stmt"/>
        <line num="27" count="3" type="stmt"/>
        <line num="29" count="1" type="stmt"/>
        <line num="31" count="1" type="stmt"/>
      </file>
    </package>
    <package name="utils">
      <metrics statements="10" coveredstatements="10" conditionals="6" coveredconditionals="6" methods="4" coveredmethods="4"/>
      <file name="filterResponseHeaders.ts" path="/Users/mindera/Desktop/SEC/pocs/aws-effect-proxy/src/utils/filterResponseHeaders.ts">
        <metrics statements="10" coveredstatements="10" conditionals="6" coveredconditionals="6" methods="4" coveredmethods="4"/>
        <line num="5" count="1" type="stmt"/>
        <line num="20" count="1" type="stmt"/>
        <line num="25" count="6" type="stmt"/>
        <line num="32" count="18" type="cond" truecount="2" falsecount="0"/>
        <line num="33" count="12" type="cond" truecount="2" falsecount="0"/>
        <line num="34" count="11" type="stmt"/>
        <line num="38" count="12" type="cond" truecount="2" falsecount="0"/>
        <line num="39" count="2" type="stmt"/>
        <line num="41" count="12" type="stmt"/>
        <line num="44" count="18" type="stmt"/>
      </file>
    </package>
  </project>
</coverage>
