{"/Users/mindera/Desktop/SEC/pocs/aws-effect-proxy/src/domain/errors.ts": {"path":"/Users/mindera/Desktop/SEC/pocs/aws-effect-proxy/src/domain/errors.ts","statementMap":{},"fnMap":{},"branchMap":{},"s":{},"f":{},"b":{},"meta":{"lastBranch":0,"lastFunction":0,"lastStatement":0,"seen":{}}}
,"/Users/mindera/Desktop/SEC/pocs/aws-effect-proxy/src/handlers/auth/domain/cognitoItentityProvider.ts": {"path":"/Users/mindera/Desktop/SEC/pocs/aws-effect-proxy/src/handlers/auth/domain/cognitoItentityProvider.ts","statementMap":{},"fnMap":{},"branchMap":{},"s":{},"f":{},"b":{},"meta":{"lastBranch":0,"lastFunction":0,"lastStatement":0,"seen":{}}}
,"/Users/mindera/Desktop/SEC/pocs/aws-effect-proxy/src/handlers/auth/domain/confirm.ts": {"path":"/Users/mindera/Desktop/SEC/pocs/aws-effect-proxy/src/handlers/auth/domain/confirm.ts","statementMap":{},"fnMap":{},"branchMap":{},"s":{},"f":{},"b":{},"meta":{"lastBranch":0,"lastFunction":0,"lastStatement":0,"seen":{}}}
,"/Users/mindera/Desktop/SEC/pocs/aws-effect-proxy/src/handlers/auth/domain/errors.ts": {"path":"/Users/mindera/Desktop/SEC/pocs/aws-effect-proxy/src/handlers/auth/domain/errors.ts","statementMap":{"0":{"start":{"line":15,"column":18},"end":{"line":72,"column":null}},"1":{"start":{"line":17,"column":4},"end":{"line":21,"column":null}},"2":{"start":{"line":23,"column":4},"end":{"line":27,"column":null}},"3":{"start":{"line":29,"column":4},"end":{"line":33,"column":null}},"4":{"start":{"line":35,"column":4},"end":{"line":41,"column":null}},"5":{"start":{"line":36,"column":6},"end":{"line":40,"column":null}},"6":{"start":{"line":42,"column":4},"end":{"line":48,"column":null}},"7":{"start":{"line":43,"column":6},"end":{"line":47,"column":null}},"8":{"start":{"line":49,"column":4},"end":{"line":55,"column":null}},"9":{"start":{"line":50,"column":6},"end":{"line":54,"column":null}},"10":{"start":{"line":56,"column":4},"end":{"line":62,"column":null}},"11":{"start":{"line":57,"column":6},"end":{"line":61,"column":null}},"12":{"start":{"line":63,"column":4},"end":{"line":70,"column":null}}},"fnMap":{"0":{"name":"(anonymous_0)","decl":{"start":{"line":16,"column":15},"end":{"line":16,"column":16}},"loc":{"start":{"line":17,"column":4},"end":{"line":21,"column":null}},"line":17},"1":{"name":"(anonymous_1)","decl":{"start":{"line":22,"column":18},"end":{"line":22,"column":19}},"loc":{"start":{"line":23,"column":4},"end":{"line":27,"column":null}},"line":23},"2":{"name":"(anonymous_2)","decl":{"start":{"line":28,"column":14},"end":{"line":28,"column":15}},"loc":{"start":{"line":29,"column":4},"end":{"line":33,"column":null}},"line":29},"3":{"name":"(anonymous_3)","decl":{"start":{"line":34,"column":13},"end":{"line":34,"column":14}},"loc":{"start":{"line":34,"column":75},"end":{"line":71,"column":null}},"line":34}},"branchMap":{"0":{"loc":{"start":{"line":35,"column":4},"end":{"line":41,"column":null}},"type":"if","locations":[{"start":{"line":35,"column":4},"end":{"line":41,"column":null}},{"start":{},"end":{}}],"line":35},"1":{"loc":{"start":{"line":42,"column":4},"end":{"line":48,"column":null}},"type":"if","locations":[{"start":{"line":42,"column":4},"end":{"line":48,"column":null}},{"start":{},"end":{}}],"line":42},"2":{"loc":{"start":{"line":49,"column":4},"end":{"line":55,"column":null}},"type":"if","locations":[{"start":{"line":49,"column":4},"end":{"line":55,"column":null}},{"start":{},"end":{}}],"line":49},"3":{"loc":{"start":{"line":56,"column":4},"end":{"line":62,"column":null}},"type":"if","locations":[{"start":{"line":56,"column":4},"end":{"line":62,"column":null}},{"start":{},"end":{}}],"line":56}},"s":{"0":2,"1":0,"2":0,"3":0,"4":0,"5":0,"6":0,"7":0,"8":0,"9":0,"10":0,"11":0,"12":0},"f":{"0":0,"1":0,"2":0,"3":0},"b":{"0":[0,0],"1":[0,0],"2":[0,0],"3":[0,0]},"meta":{"lastBranch":4,"lastFunction":4,"lastStatement":13,"seen":{"s:15:18:72:Infinity":0,"f:16:15:16:16":0,"s:17:4:21:Infinity":1,"f:22:18:22:19":1,"s:23:4:27:Infinity":2,"f:28:14:28:15":2,"s:29:4:33:Infinity":3,"f:34:13:34:14":3,"b:35:4:41:Infinity:undefined:undefined:undefined:undefined":0,"s:35:4:41:Infinity":4,"s:36:6:40:Infinity":5,"b:42:4:48:Infinity:undefined:undefined:undefined:undefined":1,"s:42:4:48:Infinity":6,"s:43:6:47:Infinity":7,"b:49:4:55:Infinity:undefined:undefined:undefined:undefined":2,"s:49:4:55:Infinity":8,"s:50:6:54:Infinity":9,"b:56:4:62:Infinity:undefined:undefined:undefined:undefined":3,"s:56:4:62:Infinity":10,"s:57:6:61:Infinity":11,"s:63:4:70:Infinity":12}}}
,"/Users/mindera/Desktop/SEC/pocs/aws-effect-proxy/src/handlers/auth/domain/signup.ts": {"path":"/Users/mindera/Desktop/SEC/pocs/aws-effect-proxy/src/handlers/auth/domain/signup.ts","statementMap":{},"fnMap":{},"branchMap":{},"s":{},"f":{},"b":{},"meta":{"lastBranch":0,"lastFunction":0,"lastStatement":0,"seen":{}}}
,"/Users/mindera/Desktop/SEC/pocs/aws-effect-proxy/src/handlers/auth/services/confirm.ts": {"path":"/Users/mindera/Desktop/SEC/pocs/aws-effect-proxy/src/handlers/auth/services/confirm.ts","statementMap":{"0":{"start":{"line":7,"column":34},"end":{"line":13,"column":null}},"1":{"start":{"line":10,"column":2},"end":{"line":12,"column":null}},"2":{"start":{"line":11,"column":27},"end":{"line":11,"column":59}},"3":{"start":{"line":15,"column":23},"end":{"line":27,"column":null}},"4":{"start":{"line":19,"column":18},"end":{"line":19,"column":null}},"5":{"start":{"line":20,"column":19},"end":{"line":20,"column":null}},"6":{"start":{"line":22,"column":2},"end":{"line":26,"column":null}},"7":{"start":{"line":29,"column":24},"end":{"line":42,"column":null}},"8":{"start":{"line":30,"column":18},"end":{"line":30,"column":null}},"9":{"start":{"line":31,"column":19},"end":{"line":31,"column":null}},"10":{"start":{"line":32,"column":21},"end":{"line":32,"column":null}},"11":{"start":{"line":34,"column":2},"end":{"line":41,"column":null}},"12":{"start":{"line":44,"column":16},"end":{"line":59,"column":null}},"13":{"start":{"line":45,"column":22},"end":{"line":45,"column":null}},"14":{"start":{"line":47,"column":2},"end":{"line":47,"column":null}},"15":{"start":{"line":49,"column":35},"end":{"line":49,"column":null}},"16":{"start":{"line":51,"column":2},"end":{"line":58,"column":null}}},"fnMap":{"0":{"name":"(anonymous_0)","decl":{"start":{"line":7,"column":73},"end":{"line":7,"column":null}},"loc":{"start":{"line":9,"column":2},"end":{"line":13,"column":1}},"line":9},"1":{"name":"(anonymous_1)","decl":{"start":{"line":11,"column":20},"end":{"line":11,"column":21}},"loc":{"start":{"line":11,"column":27},"end":{"line":11,"column":59}},"line":11},"2":{"name":"(anonymous_2)","decl":{"start":{"line":15,"column":51},"end":{"line":15,"column":62}},"loc":{"start":{"line":18,"column":17},"end":{"line":27,"column":1}},"line":18},"3":{"name":"(anonymous_3)","decl":{"start":{"line":29,"column":53},"end":{"line":29,"column":64}},"loc":{"start":{"line":29,"column":79},"end":{"line":42,"column":1}},"line":29},"4":{"name":"(anonymous_4)","decl":{"start":{"line":44,"column":37},"end":{"line":44,"column":48}},"loc":{"start":{"line":44,"column":68},"end":{"line":59,"column":1}},"line":44}},"branchMap":{"0":{"loc":{"start":{"line":8,"column":2},"end":{"line":8,"column":null}},"type":"default-arg","locations":[{"start":{"line":8,"column":22},"end":{"line":8,"column":null}}],"line":8}},"s":{"0":1,"1":3,"2":2,"3":1,"4":1,"5":1,"6":1,"7":1,"8":1,"9":1,"10":1,"11":1,"12":1,"13":3,"14":1,"15":1,"16":1},"f":{"0":3,"1":2,"2":1,"3":1,"4":3},"b":{"0":[3]},"meta":{"lastBranch":1,"lastFunction":5,"lastStatement":17,"seen":{"s:7:34:13:Infinity":0,"f:7:73:7:Infinity":0,"b:8:22:8:Infinity":0,"s:10:2:12:Infinity":1,"f:11:20:11:21":1,"s:11:27:11:59":2,"s:15:23:27:Infinity":3,"f:15:51:15:62":2,"s:19:18:19:Infinity":4,"s:20:19:20:Infinity":5,"s:22:2:26:Infinity":6,"s:29:24:42:Infinity":7,"f:29:53:29:64":3,"s:30:18:30:Infinity":8,"s:31:19:31:Infinity":9,"s:32:21:32:Infinity":10,"s:34:2:41:Infinity":11,"s:44:16:59:Infinity":12,"f:44:37:44:48":4,"s:45:22:45:Infinity":13,"s:47:2:47:Infinity":14,"s:49:35:49:Infinity":15,"s:51:2:58:Infinity":16}}}
,"/Users/mindera/Desktop/SEC/pocs/aws-effect-proxy/src/handlers/auth/services/signup.ts": {"path":"/Users/mindera/Desktop/SEC/pocs/aws-effect-proxy/src/handlers/auth/services/signup.ts","statementMap":{"0":{"start":{"line":7,"column":33},"end":{"line":11,"column":null}},"1":{"start":{"line":8,"column":2},"end":{"line":10,"column":null}},"2":{"start":{"line":9,"column":27},"end":{"line":9,"column":59}},"3":{"start":{"line":13,"column":22},"end":{"line":24,"column":null}},"4":{"start":{"line":14,"column":18},"end":{"line":14,"column":null}},"5":{"start":{"line":15,"column":19},"end":{"line":15,"column":null}},"6":{"start":{"line":17,"column":2},"end":{"line":23,"column":null}},"7":{"start":{"line":26,"column":15},"end":{"line":38,"column":null}},"8":{"start":{"line":27,"column":20},"end":{"line":27,"column":null}},"9":{"start":{"line":29,"column":2},"end":{"line":29,"column":null}},"10":{"start":{"line":31,"column":2},"end":{"line":37,"column":null}}},"fnMap":{"0":{"name":"(anonymous_0)","decl":{"start":{"line":7,"column":62},"end":{"line":7,"column":73}},"loc":{"start":{"line":7,"column":99},"end":{"line":11,"column":1}},"line":7},"1":{"name":"(anonymous_1)","decl":{"start":{"line":9,"column":20},"end":{"line":9,"column":21}},"loc":{"start":{"line":9,"column":27},"end":{"line":9,"column":59}},"line":9},"2":{"name":"(anonymous_2)","decl":{"start":{"line":13,"column":49},"end":{"line":13,"column":60}},"loc":{"start":{"line":13,"column":75},"end":{"line":24,"column":1}},"line":13},"3":{"name":"(anonymous_3)","decl":{"start":{"line":26,"column":35},"end":{"line":26,"column":46}},"loc":{"start":{"line":26,"column":66},"end":{"line":38,"column":1}},"line":26}},"branchMap":{"0":{"loc":{"start":{"line":7,"column":73},"end":{"line":7,"column":99}},"type":"default-arg","locations":[{"start":{"line":7,"column":93},"end":{"line":7,"column":99}}],"line":7}},"s":{"0":1,"1":3,"2":2,"3":1,"4":1,"5":1,"6":1,"7":1,"8":3,"9":1,"10":1},"f":{"0":3,"1":2,"2":1,"3":3},"b":{"0":[3]},"meta":{"lastBranch":1,"lastFunction":4,"lastStatement":11,"seen":{"s:7:33:11:Infinity":0,"f:7:62:7:73":0,"b:7:93:7:99":0,"s:8:2:10:Infinity":1,"f:9:20:9:21":1,"s:9:27:9:59":2,"s:13:22:24:Infinity":3,"f:13:49:13:60":2,"s:14:18:14:Infinity":4,"s:15:19:15:Infinity":5,"s:17:2:23:Infinity":6,"s:26:15:38:Infinity":7,"f:26:35:26:46":3,"s:27:20:27:Infinity":8,"s:29:2:29:Infinity":9,"s:31:2:37:Infinity":10}}}
,"/Users/mindera/Desktop/SEC/pocs/aws-effect-proxy/src/utils/filterResponseHeaders.ts": {"path":"/Users/mindera/Desktop/SEC/pocs/aws-effect-proxy/src/utils/filterResponseHeaders.ts","statementMap":{"0":{"start":{"line":5,"column":47},"end":{"line":16,"column":null}},"1":{"start":{"line":20,"column":30},"end":{"line":48,"column":null}},"2":{"start":{"line":25,"column":2},"end":{"line":48,"column":null}},"3":{"start":{"line":25,"column":14},"end":{"line":47,"column":null}},"4":{"start":{"line":32,"column":10},"end":{"line":43,"column":null}},"5":{"start":{"line":33,"column":12},"end":{"line":35,"column":null}},"6":{"start":{"line":34,"column":14},"end":{"line":34,"column":null}},"7":{"start":{"line":38,"column":12},"end":{"line":42,"column":null}},"8":{"start":{"line":39,"column":14},"end":{"line":39,"column":null}},"9":{"start":{"line":41,"column":14},"end":{"line":41,"column":null}},"10":{"start":{"line":41,"column":59},"end":{"line":41,"column":67}},"11":{"start":{"line":44,"column":10},"end":{"line":44,"column":null}}},"fnMap":{"0":{"name":"(anonymous_0)","decl":{"start":{"line":20,"column":30},"end":{"line":20,"column":null}},"loc":{"start":{"line":25,"column":2},"end":{"line":48,"column":null}},"line":25},"1":{"name":"(anonymous_1)","decl":{"start":{"line":25,"column":14},"end":{"line":25,"column":null}},"loc":{"start":{"line":25,"column":14},"end":{"line":47,"column":null}},"line":25},"2":{"name":"(anonymous_2)","decl":{"start":{"line":31,"column":8},"end":{"line":31,"column":9}},"loc":{"start":{"line":31,"column":78},"end":{"line":45,"column":null}},"line":31},"3":{"name":"(anonymous_3)","decl":{"start":{"line":41,"column":52},"end":{"line":41,"column":53}},"loc":{"start":{"line":41,"column":59},"end":{"line":41,"column":67}},"line":41}},"branchMap":{"0":{"loc":{"start":{"line":32,"column":10},"end":{"line":43,"column":null}},"type":"if","locations":[{"start":{"line":32,"column":10},"end":{"line":43,"column":null}},{"start":{},"end":{}}],"line":32},"1":{"loc":{"start":{"line":33,"column":12},"end":{"line":35,"column":null}},"type":"if","locations":[{"start":{"line":33,"column":12},"end":{"line":35,"column":null}},{"start":{},"end":{}}],"line":33},"2":{"loc":{"start":{"line":38,"column":12},"end":{"line":42,"column":null}},"type":"if","locations":[{"start":{"line":38,"column":12},"end":{"line":42,"column":null}},{"start":{"line":40,"column":19},"end":{"line":42,"column":null}}],"line":38}},"s":{"0":1,"1":1,"2":6,"3":6,"4":18,"5":12,"6":11,"7":12,"8":2,"9":10,"10":12,"11":18},"f":{"0":6,"1":6,"2":18,"3":12},"b":{"0":[12,6],"1":[11,1],"2":[2,10]},"meta":{"lastBranch":3,"lastFunction":4,"lastStatement":12,"seen":{"s:5:47:16:Infinity":0,"s:20:30:48:Infinity":1,"f:20:30:20:Infinity":0,"s:25:2:48:Infinity":2,"f:25:14:25:Infinity":1,"s:25:14:47:Infinity":3,"f:31:8:31:9":2,"b:32:10:43:Infinity:undefined:undefined:undefined:undefined":0,"s:32:10:43:Infinity":4,"b:33:12:35:Infinity:undefined:undefined:undefined:undefined":1,"s:33:12:35:Infinity":5,"s:34:14:34:Infinity":6,"b:38:12:42:Infinity:40:19:42:Infinity":2,"s:38:12:42:Infinity":7,"s:39:14:39:Infinity":8,"s:41:14:41:Infinity":9,"f:41:52:41:53":3,"s:41:59:41:67":10,"s:44:10:44:Infinity":11}}}
}
